=======================================
 SERVER HEALTH REPORT - 2026-04-18 11:46:25 
=======================================
--> DISK SPACE AVAILABLE:
Filesystem            Size  Used Avail Use% Mounted on
C:/Program Files/Git  176G  168G  7.9G  96% /
D:                    300G  207G   94G  69% /d

--> SYSTEM UPTIME:

=======================================
 Health Check Saved Successfully! 
=======================================
=======================================
 HEALTH REPORT - 2026-04-18 12:03:33 
=======================================
--> ACTIVE PROCESSES: 7
--> [OK] Disk Space Normal: 7.9G
---------------------------------------
=======================================
 HEALTH REPORT - 2026-04-18 12:03:39 
=======================================
--> ACTIVE PROCESSES: 6
--> [OK] Disk Space Normal: 7.9G
---------------------------------------
=======================================
 HEALTH REPORT - 2026-04-18 12:03:44 
=======================================
--> ACTIVE PROCESSES: 7
--> [OK] Disk Space Normal: 7.9G
---------------------------------------
=======================================
 HEALTH REPORT - 2026-04-18 12:08:29 
=======================================
--> ACTIVE PROCESSES: 7
--> [WARNING] DISK SPACE CRITICAL: 96%
---------------------------------------
=======================================
 HEALTH REPORT - 2026-04-18 12:08:34 
=======================================
--> ACTIVE PROCESSES: 7
--> [WARNING] DISK SPACE CRITICAL: 96%
---------------------------------------
=======================================
 HEALTH REPORT - 2026-04-18 12:08:39 
=======================================
--> ACTIVE PROCESSES: 7
--> [WARNING] DISK SPACE CRITICAL: 96%
---------------------------------------
=======================================
 HEALTH REPORT - 2026-04-18 12:08:45 
=======================================
--> ACTIVE PROCESSES: 7
--> [WARNING] DISK SPACE CRITICAL: 96%
---------------------------------------
=======================================
 HEALTH REPORT - 2026-04-18 12:08:50 
=======================================
--> ACTIVE PROCESSES: 7
--> [WARNING] DISK SPACE CRITICAL: 96%
---------------------------------------
=======================================
 HEALTH REPORT - 2026-04-18 12:08:55 
=======================================
--> ACTIVE PROCESSES: 7
--> [WARNING] DISK SPACE CRITICAL: 96%
---------------------------------------
